<?xml version="1.0" encoding="UTF-8"?>
<!-- Generated by org.testng.reporters.JUnitReportReporter -->
<testsuite hostname="Rashidas-MacBook-Air.local" failures="0" tests="1" name="runner2.HomeDepotTest2" time="5.453" errors="0" timestamp="2020-08-14T20:52:39 GMT-04:00" skipped="0">
  <testcase classname="runner2.HomeDepotTest2" name="Verifiction" time="5.453"/>
  <system-out/>
</testsuite> <!-- runner2.HomeDepotTest2 -->
